<?xml version="1.0" encoding="UTF-8"?>
<testng-results skipped="0" failed="1" ignored="0" total="1" passed="0">
  <reporter-output>
  </reporter-output>
  <suite name="Default suite" duration-ms="2330" started-at="2021-01-29T21:20:27 GMT" finished-at="2021-01-29T21:20:29 GMT">
    <groups>
      <group name="cucumber">
        <method signature="AbstractTestNGCucumberTests.runScenario(cucumber.api.testng.PickleEventWrapper, cucumber.api.testng.CucumberFeatureWrapper)[pri:0, instance:steps.Executionrunner@396f6598]" name="runScenario" class="cucumber.api.testng.AbstractTestNGCucumberTests"/>
      </group> <!-- cucumber -->
    </groups>
    <test name="Default test" duration-ms="2330" started-at="2021-01-29T21:20:27 GMT" finished-at="2021-01-29T21:20:29 GMT">
      <class name="steps.Executionrunner">
        <test-method status="PASS" signature="setUpClass()[pri:0, instance:steps.Executionrunner@396f6598]" name="setUpClass" is-config="true" duration-ms="225" started-at="2021-01-29T21:20:27 GMT" finished-at="2021-01-29T21:20:27 GMT">
          <reporter-output>
          </reporter-output>
        </test-method> <!-- setUpClass -->
        <test-method status="FAIL" signature="runScenario(cucumber.api.testng.PickleEventWrapper, cucumber.api.testng.CucumberFeatureWrapper)[pri:0, instance:steps.Executionrunner@396f6598]" name="runScenario" duration-ms="1918" started-at="2021-01-29T21:20:27 GMT" description="Runs Cucumber Scenarios" data-provider="scenarios" finished-at="2021-01-29T21:20:29 GMT">
          <params>
            <param index="0">
              <value>
                <![CDATA["Tc03 Delete a Name"]]>
              </value>
            </param>
            <param index="1">
              <value>
                <![CDATA["Automate Local page"]]>
              </value>
            </param>
          </params>
          <exception class="org.openqa.selenium.WebDriverException">
            <message>
              <![CDATA[unknown error: Chrome failed to start: exited normally.
  (unknown error: DevToolsActivePort file doesn't exist)
  (The process started from chrome location C:\Program Files (x86)\Google\Chrome\Application\chrome.exe is no longer running, so ChromeDriver is assuming that Chrome has crashed.)
Build info: version: '3.141.59', revision: 'e82be7d358', time: '2018-11-14T08:17:03'
System info: host: 'LAPTOP-MPNT8J29', ip: '192.168.0.14', os.name: 'Windows 10', os.arch: 'amd64', os.version: '10.0', java.version: '1.8.0_171'
Driver info: driver.version: ChromeDriver
remote stacktrace: Backtrace:
Ordinal0 [0x0108C0C3+3326147]
Ordinal0 [0x00F70851+2164817]
Ordinal0 [0x00DF7298+619160]
Ordinal0 [0x00D6E4CB+58571]
Ordinal0 [0x00D6C38A+50058]
Ordinal0 [0x00D95F3E+220990]
Ordinal0 [0x00D95CAC+220332]
Ordinal0 [0x00D9189B+202907]
Ordinal0 [0x00D73DF4+81396]
Ordinal0 [0x00D74DEE+85486]
Ordinal0 [0x00D74D79+85369]
Ordinal0 [0x00F885DC+2262492]
GetHandleVerifier [0x01212874+1487204]
GetHandleVerifier [0x012123CD+1486013]
GetHandleVerifier [0x0121A368+1518680]
GetHandleVerifier [0x01212F4E+1488958]
Ordinal0 [0x00F7ED0D+2223373]
Ordinal0 [0x00F8A12B+2269483]
Ordinal0 [0x00F8A26F+2269807]
Ordinal0 [0x00F9ECB8+2354360]
BaseThreadInitThunk [0x76936359+25]
RtlGetAppContainerNamedObjectPath [0x77608944+228]
RtlGetAppContainerNamedObjectPath [0x77608914+180]
]]>
            </message>
            <full-stacktrace>
              <![CDATA[org.openqa.selenium.WebDriverException: unknown error: Chrome failed to start: exited normally.
  (unknown error: DevToolsActivePort file doesn't exist)
  (The process started from chrome location C:\Program Files (x86)\Google\Chrome\Application\chrome.exe is no longer running, so ChromeDriver is assuming that Chrome has crashed.)
Build info: version: '3.141.59', revision: 'e82be7d358', time: '2018-11-14T08:17:03'
System info: host: 'LAPTOP-MPNT8J29', ip: '192.168.0.14', os.name: 'Windows 10', os.arch: 'amd64', os.version: '10.0', java.version: '1.8.0_171'
Driver info: driver.version: ChromeDriver
remote stacktrace: Backtrace:
Ordinal0 [0x0108C0C3+3326147]
Ordinal0 [0x00F70851+2164817]
Ordinal0 [0x00DF7298+619160]
Ordinal0 [0x00D6E4CB+58571]
Ordinal0 [0x00D6C38A+50058]
Ordinal0 [0x00D95F3E+220990]
Ordinal0 [0x00D95CAC+220332]
Ordinal0 [0x00D9189B+202907]
Ordinal0 [0x00D73DF4+81396]
Ordinal0 [0x00D74DEE+85486]
Ordinal0 [0x00D74D79+85369]
Ordinal0 [0x00F885DC+2262492]
GetHandleVerifier [0x01212874+1487204]
GetHandleVerifier [0x012123CD+1486013]
GetHandleVerifier [0x0121A368+1518680]
GetHandleVerifier [0x01212F4E+1488958]
Ordinal0 [0x00F7ED0D+2223373]
Ordinal0 [0x00F8A12B+2269483]
Ordinal0 [0x00F8A26F+2269807]
Ordinal0 [0x00F9ECB8+2354360]
BaseThreadInitThunk [0x76936359+25]
RtlGetAppContainerNamedObjectPath [0x77608944+228]
RtlGetAppContainerNamedObjectPath [0x77608914+180]

at sun.reflect.NativeConstructorAccessorImpl.newInstance0(Native Method)
at sun.reflect.NativeConstructorAccessorImpl.newInstance(Unknown Source)
at sun.reflect.DelegatingConstructorAccessorImpl.newInstance(Unknown Source)
at java.lang.reflect.Constructor.newInstance(Unknown Source)
at org.openqa.selenium.remote.W3CHandshakeResponse.lambda$errorHandler$0(W3CHandshakeResponse.java:62)
at org.openqa.selenium.remote.HandshakeResponse.lambda$getResponseFunction$0(HandshakeResponse.java:30)
at org.openqa.selenium.remote.ProtocolHandshake.lambda$createSession$0(ProtocolHandshake.java:126)
at java.util.stream.ReferencePipeline$3$1.accept(Unknown Source)
at java.util.Spliterators$ArraySpliterator.tryAdvance(Unknown Source)
at java.util.stream.ReferencePipeline.forEachWithCancel(Unknown Source)
at java.util.stream.AbstractPipeline.copyIntoWithCancel(Unknown Source)
at java.util.stream.AbstractPipeline.copyInto(Unknown Source)
at java.util.stream.AbstractPipeline.wrapAndCopyInto(Unknown Source)
at java.util.stream.FindOps$FindOp.evaluateSequential(Unknown Source)
at java.util.stream.AbstractPipeline.evaluate(Unknown Source)
at java.util.stream.ReferencePipeline.findFirst(Unknown Source)
at org.openqa.selenium.remote.ProtocolHandshake.createSession(ProtocolHandshake.java:128)
at org.openqa.selenium.remote.ProtocolHandshake.createSession(ProtocolHandshake.java:74)
at org.openqa.selenium.remote.HttpCommandExecutor.execute(HttpCommandExecutor.java:136)
at org.openqa.selenium.remote.service.DriverCommandExecutor.execute(DriverCommandExecutor.java:83)
at org.openqa.selenium.remote.RemoteWebDriver.execute(RemoteWebDriver.java:552)
at org.openqa.selenium.remote.RemoteWebDriver.startSession(RemoteWebDriver.java:213)
at org.openqa.selenium.remote.RemoteWebDriver.<init>(RemoteWebDriver.java:131)
at org.openqa.selenium.chrome.ChromeDriver.<init>(ChromeDriver.java:181)
at org.openqa.selenium.chrome.ChromeDriver.<init>(ChromeDriver.java:168)
at org.openqa.selenium.chrome.ChromeDriver.<init>(ChromeDriver.java:123)
at steps.Methodpage.launchBrowserAndLoadURL(Methodpage.java:18)
at ✽.Launch browser and Load URL(file:src/test/java/Feature/login.feature:36)
]]>
            </full-stacktrace>
          </exception> <!-- org.openqa.selenium.WebDriverException -->
          <reporter-output>
          </reporter-output>
        </test-method> <!-- runScenario -->
        <test-method status="PASS" signature="tearDownClass()[pri:0, instance:steps.Executionrunner@396f6598]" name="tearDownClass" is-config="true" duration-ms="18" started-at="2021-01-29T21:20:29 GMT" finished-at="2021-01-29T21:20:29 GMT">
          <reporter-output>
          </reporter-output>
        </test-method> <!-- tearDownClass -->
      </class> <!-- steps.Executionrunner -->
    </test> <!-- Default test -->
  </suite> <!-- Default suite -->
</testng-results>
